0 info it worked if it ends with ok
1 verbose cli [ '/usr/local/Cellar/node/0.10.22/bin/node',
1 verbose cli   '/usr/local/bin/npm',
1 verbose cli   'install',
1 verbose cli   'angular:factory' ]
2 info using npm@1.3.14
3 info using node@v0.10.22
4 warn package.json hackday@0.0.0 No description
5 warn package.json hackday@0.0.0 No repository field.
6 warn package.json hackday@0.0.0 No README data
7 verbose readDependencies using package.json deps
8 verbose cache add [ 'angular:factory', null ]
9 verbose cache add name=undefined spec="angular:factory" args=["angular:factory",null]
10 verbose parsed url { protocol: 'angular:',
10 verbose parsed url   slashes: null,
10 verbose parsed url   auth: null,
10 verbose parsed url   host: 'factory',
10 verbose parsed url   port: null,
10 verbose parsed url   hostname: 'factory',
10 verbose parsed url   hash: null,
10 verbose parsed url   search: null,
10 verbose parsed url   query: null,
10 verbose parsed url   pathname: null,
10 verbose parsed url   path: null,
10 verbose parsed url   href: 'angular:factory' }
11 silly lockFile 5e0286db-angular-factory angular:factory
12 verbose lock angular:factory /Users/trondskogstad/.npm/5e0286db-angular-factory.lock
13 silly lockFile 5e0286db-angular-factory angular:factory
14 silly lockFile 5e0286db-angular-factory angular:factory
15 verbose addNamed [ 'angular:factory', '' ]
16 verbose addNamed [ null, '*' ]
17 silly lockFile fc9d647d-angular-factory angular:factory@
18 verbose lock angular:factory@ /Users/trondskogstad/.npm/fc9d647d-angular-factory.lock
19 silly addNameRange { name: 'angular:factory', range: '*', hasData: false }
20 verbose url raw angular:factory
21 verbose url resolving [ 'https://registry.npmjs.org/', './angular%3Afactory' ]
22 verbose url resolved https://registry.npmjs.org/angular%3Afactory
23 info trying registry request attempt 1 at 11:39:35
24 http GET https://registry.npmjs.org/angular%3Afactory
25 http 404 https://registry.npmjs.org/angular%3Afactory
26 silly registry.get cb [ 404,
26 silly registry.get   { date: 'Fri, 04 Apr 2014 09:39:32 GMT',
26 silly registry.get     server: 'CouchDB/1.5.0 (Erlang OTP/R14B04)',
26 silly registry.get     'content-type': 'application/json',
26 silly registry.get     via: '1.1 varnish',
26 silly registry.get     'cache-control': 'max-age=0',
26 silly registry.get     'content-length': '52',
26 silly registry.get     'accept-ranges': 'bytes',
26 silly registry.get     age: '0',
26 silly registry.get     'x-served-by': 'cache-v43-ASH, cache-fra1228-FRA',
26 silly registry.get     'x-cache': 'MISS, MISS',
26 silly registry.get     'x-cache-hits': '0, 0',
26 silly registry.get     'x-timer': 'S1396604372.754391193,VS0,VS48,VE138,VE189',
26 silly registry.get     'keep-alive': 'timeout=10, max=50',
26 silly registry.get     connection: 'Keep-Alive' } ]
27 silly lockFile fc9d647d-angular-factory angular:factory@
28 silly lockFile fc9d647d-angular-factory angular:factory@
29 error 404 'angular%3Afactory' is not in the npm registry.
29 error 404 You should bug the author to publish it
29 error 404
29 error 404 Note that you can also install from a
29 error 404 tarball, folder, or http url, or git url.
30 error System Darwin 13.1.0
31 error command "/usr/local/Cellar/node/0.10.22/bin/node" "/usr/local/bin/npm" "install" "angular:factory"
32 error cwd /Users/trondskogstad/Documents/babbel/babbelhackday
33 error node -v v0.10.22
34 error npm -v 1.3.14
35 error code E404
36 verbose exit [ 1, true ]
